# JRE version: Java(TM) SE Runtime Environment (20.0.2+9) (build 20.0.2+9-78)
# Java VM: Java HotSpot(TM) 64-Bit Server VM (20.0.2+9-78, mixed mode, sharing, tiered, compressed oops, compressed class ptrs, g1 gc, windows-amd64)
GC Precious Log:
 CardTable entry size: 512
 Card Set container configuration: InlinePtr #cards 5 size 8 Array Of Cards #cards 12 size 40 Howl #buckets 4 coarsen threshold 1843 Howl Bitmap #cards 512 size 80 coarsen threshold 460 Card regions per heap region 1 cards per card region 2048
 CPUs: 8 total, 8 available
 Memory: 3531M
 Large Page Support: Disabled
 NUMA Support: Disabled
 Compressed Oops: Enabled (32-bit)
 Heap Region Size: 1M
 Heap Min Capacity: 8M
 Heap Initial Capacity: 56M
 Heap Max Capacity: 884M
 Pre-touch: Disabled
 Parallel Workers: 8
 Concurrent Workers: 2
 Concurrent Refinement Workers: 8
 Periodic GC: Disabled
Heap:
 garbage-first heap   total 156672K, used 82249K [0x00000000c8c00000, 0x0000000100000000)
  region size 1024K, 36 young (36864K), 10 survivors (10240K)
 Metaspace       used 29878K, committed 30272K, reserved 1114112K
  class space    used 3779K, committed 3968K, reserved 1048576K
GC Heap History (20 events):
Event: 2.010 GC heap before
{Heap before GC invocations=0 (full 0):
 garbage-first heap   total 57344K, used 22528K [0x00000000c8c00000, 0x0000000100000000)
  region size 1024K, 23 young (23552K), 0 survivors (0K)
 Metaspace       used 5804K, committed 6016K, reserved 1114112K
  class space    used 678K, committed 768K, reserved 1048576K
}
Event: 2.020 GC heap after
{Heap after GC invocations=1 (full 0):
 garbage-first heap   total 57344K, used 4022K [0x00000000c8c00000, 0x0000000100000000)
  region size 1024K, 3 young (3072K), 3 survivors (3072K)
 Metaspace       used 5804K, committed 6016K, reserved 1114112K
  class space    used 678K, committed 768K, reserved 1048576K
}
Event: 12.367 GC heap before
{Heap before GC invocations=1 (full 0):
 garbage-first heap   total 57344K, used 39862K [0x00000000c8c00000, 0x0000000100000000)
  region size 1024K, 29 young (29696K), 3 survivors (3072K)
 Metaspace       used 14105K, committed 14400K, reserved 1114112K
  class space    used 1897K, committed 2048K, reserved 1048576K
}
Event: 12.380 GC heap after
{Heap after GC invocations=2 (full 0):
 garbage-first heap   total 57344K, used 13032K [0x00000000c8c00000, 0x0000000100000000)
  region size 1024K, 3 young (3072K), 3 survivors (3072K)
 Metaspace       used 14105K, committed 14400K, reserved 1114112K
  class space    used 1897K, committed 2048K, reserved 1048576K
}
Event: 13.216 GC heap before
{Heap before GC invocations=2 (full 0):
 garbage-first heap   total 57344K, used 38632K [0x00000000c8c00000, 0x0000000100000000)
  region size 1024K, 13 young (13312K), 3 survivors (3072K)
 Metaspace       used 16132K, committed 16384K, reserved 1114112K
  class space    used 2369K, committed 2496K, reserved 1048576K
}
Event: 13.221 GC heap after
{Heap after GC invocations=3 (full 0):
 garbage-first heap   total 57344K, used 19366K [0x00000000c8c00000, 0x0000000100000000)
  region size 1024K, 2 young (2048K), 2 survivors (2048K)
 Metaspace       used 16132K, committed 16384K, reserved 1114112K
  class space    used 2369K, committed 2496K, reserved 1048576K
}
Event: 14.482 GC heap before
{Heap before GC invocations=3 (full 0):
 garbage-first heap   total 57344K, used 25510K [0x00000000c8c00000, 0x0000000100000000)
  region size 1024K, 4 young (4096K), 2 survivors (2048K)
 Metaspace       used 16423K, committed 16704K, reserved 1114112K
  class space    used 2386K, committed 2496K, reserved 1048576K
}
Event: 14.485 GC heap after
{Heap after GC invocations=4 (full 0):
 garbage-first heap   total 57344K, used 24361K [0x00000000c8c00000, 0x0000000100000000)
  region size 1024K, 2 young (2048K), 2 survivors (2048K)
 Metaspace       used 16423K, committed 16704K, reserved 1114112K
  class space    used 2386K, committed 2496K, reserved 1048576K
}
Event: 14.505 GC heap before
{Heap before GC invocations=4 (full 0):
 garbage-first heap   total 57344K, used 27433K [0x00000000c8c00000, 0x0000000100000000)
  region size 1024K, 3 young (3072K), 2 survivors (2048K)
 Metaspace       used 16423K, committed 16704K, reserved 1114112K
  class space    used 2386K, committed 2496K, reserved 1048576K
}
Event: 14.507 GC heap after
{Heap after GC invocations=5 (full 0):
 garbage-first heap   total 57344K, used 27383K [0x00000000c8c00000, 0x0000000100000000)
  region size 1024K, 2 young (2048K), 2 survivors (2048K)
 Metaspace       used 16423K, committed 16704K, reserved 1114112K
  class space    used 2386K, committed 2496K, reserved 1048576K
}
Event: 21.297 GC heap before
{Heap before GC invocations=6 (full 0):
 garbage-first heap   total 106496K, used 105207K [0x00000000c8c00000, 0x0000000100000000)
  region size 1024K, 8 young (8192K), 2 survivors (2048K)
 Metaspace       used 16992K, committed 17344K, reserved 1114112K
  class space    used 2393K, committed 2560K, reserved 1048576K
}
Event: 21.300 GC heap after
{Heap after GC invocations=7 (full 0):
 garbage-first heap   total 108544K, used 20666K [0x00000000c8c00000, 0x0000000100000000)
  region size 1024K, 2 young (2048K), 2 survivors (2048K)
 Metaspace       used 16992K, committed 17344K, reserved 1114112K
  class space    used 2393K, committed 2560K, reserved 1048576K
}
Event: 87.313 GC heap before
{Heap before GC invocations=7 (full 0):
 garbage-first heap   total 154624K, used 147642K [0x00000000c8c00000, 0x0000000100000000)
  region size 1024K, 39 young (39936K), 2 survivors (2048K)
 Metaspace       used 27556K, committed 27840K, reserved 1114112K
  class space    used 3620K, committed 3776K, reserved 1048576K
}
Event: 87.338 GC heap after
{Heap after GC invocations=8 (full 0):
 garbage-first heap   total 157696K, used 24330K [0x00000000c8c00000, 0x0000000100000000)
  region size 1024K, 6 young (6144K), 6 survivors (6144K)
 Metaspace       used 27556K, committed 27840K, reserved 1114112K
  class space    used 3620K, committed 3776K, reserved 1048576K
}
Event: 87.552 GC heap before
{Heap before GC invocations=8 (full 0):
 garbage-first heap   total 157696K, used 28426K [0x00000000c8c00000, 0x0000000100000000)
  region size 1024K, 11 young (11264K), 6 survivors (6144K)
 Metaspace       used 27813K, committed 28160K, reserved 1114112K
  class space    used 3662K, committed 3840K, reserved 1048576K
}
Event: 87.563 GC heap after
{Heap after GC invocations=9 (full 0):
 garbage-first heap   total 157696K, used 25239K [0x00000000c8c00000, 0x0000000100000000)
  region size 1024K, 7 young (7168K), 7 survivors (7168K)
 Metaspace       used 27813K, committed 28160K, reserved 1114112K
  class space    used 3662K, committed 3840K, reserved 1048576K
}
Event: 138.180 GC heap before
{Heap before GC invocations=10 (full 0):
 garbage-first heap   total 133120K, used 131735K [0x00000000c8c00000, 0x0000000100000000)
  region size 1024K, 54 young (55296K), 7 survivors (7168K)
 Metaspace       used 28900K, committed 29248K, reserved 1114112K
  class space    used 3690K, committed 3840K, reserved 1048576K
}
Event: 138.215 GC heap after
{Heap after GC invocations=11 (full 0):
 garbage-first heap   total 141312K, used 21914K [0x00000000c8c00000, 0x0000000100000000)
  region size 1024K, 8 young (8192K), 8 survivors (8192K)
 Metaspace       used 28900K, committed 29248K, reserved 1114112K
  class space    used 3690K, committed 3840K, reserved 1048576K
}
Event: 206.339 GC heap before
{Heap before GC invocations=11 (full 0):
 garbage-first heap   total 141312K, used 139674K [0x00000000c8c00000, 0x0000000100000000)
  region size 1024K, 62 young (63488K), 8 survivors (8192K)
 Metaspace       used 29702K, committed 30016K, reserved 1114112K
  class space    used 3768K, committed 3904K, reserved 1048576K
}
Event: 206.388 GC heap after
{Heap after GC invocations=12 (full 0):
 garbage-first heap   total 156672K, used 42313K [0x00000000c8c00000, 0x0000000100000000)
  region size 1024K, 10 young (10240K), 10 survivors (10240K)
 Metaspace       used 29702K, committed 30016K, reserved 1114112K
  class space    used 3768K, committed 3904K, reserved 1048576K
}

